The system is: Linux - 4.4.0-18362-Microsoft - x86_64
Compiling the C compiler identification source file "CMakeCCompilerId.c" succeeded.
Compiler: /usr/bin/cc 
Build flags: 
Id flags:  

The output was:
0


Compilation of the C compiler identification source "CMakeCCompilerId.c" produced "a.out"

The C compiler identification is GNU, found in "/mnt/c/Users/Ian/Documents/Programming/TPark/DB/cmake-build-debug-wsl/CMakeFiles/3.10.2/CompilerIdC/a.out"

Compiling the CXX compiler identification source file "CMakeCXXCompilerId.cpp" succeeded.
Compiler: /usr/bin/c++ 
Build flags: 
Id flags:  

The output was:
0


Compilation of the CXX compiler identification source "CMakeCXXCompilerId.cpp" produced "a.out"

The CXX compiler identification is GNU, found in "/mnt/c/Users/Ian/Documents/Programming/TPark/DB/cmake-build-debug-wsl/CMakeFiles/3.10.2/CompilerIdCXX/a.out"

Determining if the C compiler works passed with the following output:
Change Dir: /mnt/c/Users/Ian/Documents/Programming/TPark/DB/cmake-build-debug-wsl/CMakeFiles/CMakeTmp

Run Build Command:"/usr/bin/make" "cmTC_542f5/fast"
/usr/bin/make -f CMakeFiles/cmTC_542f5.dir/build.make CMakeFiles/cmTC_542f5.dir/build
make[1]: Entering directory '/mnt/c/Users/Ian/Documents/Programming/TPark/DB/cmake-build-debug-wsl/CMakeFiles/CMakeTmp'
Building C object CMakeFiles/cmTC_542f5.dir/testCCompiler.c.o
/usr/bin/cc    -o CMakeFiles/cmTC_542f5.dir/testCCompiler.c.o   -c /mnt/c/Users/Ian/Documents/Programming/TPark/DB/cmake-build-debug-wsl/CMakeFiles/CMakeTmp/testCCompiler.c
Linking C executable cmTC_542f5
/usr/bin/cmake -E cmake_link_script CMakeFiles/cmTC_542f5.dir/link.txt --verbose=1
/usr/bin/cc      -rdynamic CMakeFiles/cmTC_542f5.dir/testCCompiler.c.o  -o cmTC_542f5 
make[1]: Leaving directory '/mnt/c/Users/Ian/Documents/Programming/TPark/DB/cmake-build-debug-wsl/CMakeFiles/CMakeTmp'


Determining if the CXX compiler works passed with the following output:
Change Dir: /mnt/c/Users/Ian/Documents/Programming/TPark/DB/cmake-build-debug-wsl/CMakeFiles/CMakeTmp

Run Build Command:"/usr/bin/make" "cmTC_14ee2/fast"
/usr/bin/make -f CMakeFiles/cmTC_14ee2.dir/build.make CMakeFiles/cmTC_14ee2.dir/build
make[1]: Entering directory '/mnt/c/Users/Ian/Documents/Programming/TPark/DB/cmake-build-debug-wsl/CMakeFiles/CMakeTmp'
Building CXX object CMakeFiles/cmTC_14ee2.dir/testCXXCompiler.cxx.o
/usr/bin/c++     -o CMakeFiles/cmTC_14ee2.dir/testCXXCompiler.cxx.o -c /mnt/c/Users/Ian/Documents/Programming/TPark/DB/cmake-build-debug-wsl/CMakeFiles/CMakeTmp/testCXXCompiler.cxx
Linking CXX executable cmTC_14ee2
/usr/bin/cmake -E cmake_link_script CMakeFiles/cmTC_14ee2.dir/link.txt --verbose=1
/usr/bin/c++       -rdynamic CMakeFiles/cmTC_14ee2.dir/testCXXCompiler.cxx.o  -o cmTC_14ee2 
make[1]: Leaving directory '/mnt/c/Users/Ian/Documents/Programming/TPark/DB/cmake-build-debug-wsl/CMakeFiles/CMakeTmp'


